2024-04-07T08:56:53.435Z [INFO]: Received POST request to /api/v1/users/update-password
2024-04-07T08:56:54.732Z [ERROR]: An error occurred: Invalid credentials
2024-04-07T09:10:12.721Z [INFO]: Received POST request to /api/v1/users/login
2024-04-07T09:10:13.909Z [ERROR]: An error occurred: Invalid Credentials.
2024-04-07T09:12:09.975Z [INFO]: Received POST request to /api/v1/users/register
2024-04-07T09:12:10.335Z [ERROR]: An error occurred: Email already exists.
2024-04-07T09:15:45.866Z [INFO]: Received POST request to /api/v1/users/register
2024-04-07T11:50:31.960Z [INFO]: Received POST request to /api/v1/courses/3/enroll
2024-04-07T11:50:31.965Z [ERROR]: Error in User Middleware
2024-04-07T11:50:31.969Z [ERROR]: An error occurred: Unauthorized request
2024-04-07T11:51:14.056Z [INFO]: Received POST request to /api/v1/courses/3/enroll
2024-04-07T11:51:14.057Z [ERROR]: Error in User Middleware
2024-04-07T11:51:14.058Z [ERROR]: An error occurred: Unauthorized request
2024-04-07T11:51:17.013Z [INFO]: Received POST request to /api/v1/courses/3/enroll
2024-04-07T11:51:17.013Z [ERROR]: Error in User Middleware
2024-04-07T11:51:17.015Z [ERROR]: An error occurred: Unauthorized request
2024-04-07T11:51:25.025Z [INFO]: Received POST request to /api/v1/courses/3/enroll
2024-04-07T11:51:25.025Z [ERROR]: Error in User Middleware
2024-04-07T11:51:25.026Z [ERROR]: An error occurred: Unauthorized request
2024-04-07T11:52:17.318Z [INFO]: Received POST request to /api/v1/courses/3/enroll
2024-04-07T11:52:17.323Z [ERROR]: Error in User Middleware
2024-04-07T11:52:17.325Z [ERROR]: An error occurred: Unauthorized request
2024-04-07T11:53:55.206Z [INFO]: Received POST request to /api/v1/users/login
2024-04-07T11:54:07.761Z [INFO]: Received POST request to /api/v1/courses/3/enroll
